<?xml version="1.0" encoding="UTF-8"?>
<testng-results skipped="0" failed="0" ignored="0" total="1" passed="1">
  <reporter-output>
  </reporter-output>
  <suite name="Suite" duration-ms="45359" started-at="2020-02-11T11:51:59Z" finished-at="2020-02-11T11:52:44Z">
    <groups>
    </groups>
    <test name="Test" duration-ms="45359" started-at="2020-02-11T11:51:59Z" finished-at="2020-02-11T11:52:44Z">
      <class name="com.inetbanking.testcases.TC_AddCustomer_001">
        <test-method status="PASS" signature="setUp(java.lang.String)[pri:0, instance:com.inetbanking.testcases.TC_AddCustomer_001@43a25848]" name="setUp" is-config="true" duration-ms="13261" started-at="2020-02-11T11:51:59Z" finished-at="2020-02-11T11:52:12Z">
          <params>
            <param index="0">
              <value>
                <![CDATA[chrome]]>
              </value>
            </param>
          </params>
          <reporter-output>
          </reporter-output>
        </test-method> <!-- setUp -->
        <test-method status="PASS" signature="addCustomerLink()[pri:0, instance:com.inetbanking.testcases.TC_AddCustomer_001@43a25848]" name="addCustomerLink" duration-ms="31487" started-at="2020-02-11T11:52:12Z" finished-at="2020-02-11T11:52:44Z">
          <reporter-output>
          </reporter-output>
        </test-method> <!-- addCustomerLink -->
        <test-method status="PASS" signature="tearDown()[pri:0, instance:com.inetbanking.testcases.TC_AddCustomer_001@43a25848]" name="tearDown" is-config="true" duration-ms="592" started-at="2020-02-11T11:52:44Z" finished-at="2020-02-11T11:52:44Z">
          <reporter-output>
          </reporter-output>
        </test-method> <!-- tearDown -->
      </class> <!-- com.inetbanking.testcases.TC_AddCustomer_001 -->
    </test> <!-- Test -->
  </suite> <!-- Suite -->
</testng-results>
