<?xml version="1.0" encoding="UTF-8"?>
<testng-results skipped="0" failed="0" ignored="0" total="1" passed="1">
  <reporter-output>
  </reporter-output>
  <suite name="Suite" duration-ms="19006" started-at="2020-02-06T07:12:20Z" finished-at="2020-02-06T07:12:39Z">
    <groups>
    </groups>
    <test name="Test" duration-ms="19006" started-at="2020-02-06T07:12:20Z" finished-at="2020-02-06T07:12:39Z">
      <class name="com.inetbanking.testcases.TC_AddCustomer_001">
        <test-method status="PASS" signature="setUp(java.lang.String)[pri:0, instance:com.inetbanking.testcases.TC_AddCustomer_001@42d80b78]" name="setUp" is-config="true" duration-ms="10464" started-at="2020-02-06T07:12:20Z" finished-at="2020-02-06T07:12:30Z">
          <params>
            <param index="0">
              <value>
                <![CDATA[chrome]]>
              </value>
            </param>
          </params>
          <reporter-output>
          </reporter-output>
        </test-method> <!-- setUp -->
        <test-method status="PASS" signature="addCustomerLink()[pri:0, instance:com.inetbanking.testcases.TC_AddCustomer_001@42d80b78]" name="addCustomerLink" duration-ms="7256" started-at="2020-02-06T07:12:30Z" finished-at="2020-02-06T07:12:37Z">
          <reporter-output>
          </reporter-output>
        </test-method> <!-- addCustomerLink -->
        <test-method status="PASS" signature="tearDown()[pri:0, instance:com.inetbanking.testcases.TC_AddCustomer_001@42d80b78]" name="tearDown" is-config="true" duration-ms="1248" started-at="2020-02-06T07:12:37Z" finished-at="2020-02-06T07:12:39Z">
          <reporter-output>
          </reporter-output>
        </test-method> <!-- tearDown -->
      </class> <!-- com.inetbanking.testcases.TC_AddCustomer_001 -->
    </test> <!-- Test -->
  </suite> <!-- Suite -->
</testng-results>
